<?xml version="1.0" encoding="UTF-8"?>
<!-- Generated by org.testng.reporters.JUnitReportReporter -->
<testsuite hostname="Mypc" failures="0" tests="3" name="com.seleniume2e.test.LoginTest" time="31.432" errors="0" timestamp="20 Feb 2021 17:02:15 GMT" skipped="0">
  <testcase classname="com.seleniume2e.test.LoginTest" name="loginUser" time="9.563"/>
  <testcase classname="com.seleniume2e.test.LoginTest" name="loginUser" time="14.733"/>
  <testcase classname="com.seleniume2e.test.LoginTest" name="loginUser" time="7.136"/>
</testsuite> <!-- com.seleniume2e.test.LoginTest -->
