<?xml version="1.0" encoding="UTF-8"?>
<!-- Generated by org.testng.reporters.JUnitReportReporter -->
<testsuite hostname="Mypc" failures="0" tests="1" name="com.seleniume2e.test.SavaariTest" time="35.398" errors="0" timestamp="27 Feb 2021 12:35:11 GMT" skipped="0">
  <testcase classname="com.seleniume2e.test.SavaariTest" name="enterUserDetails" time="35.398"/>
</testsuite> <!-- com.seleniume2e.test.SavaariTest -->
