<?xml version="1.0" encoding="UTF-8"?>
<!-- Generated by org.testng.reporters.JUnitReportReporter -->
<testsuite hostname="Mypc" failures="0" tests="3" name="com.seleniume2e.test.LoginTest" time="24.473" errors="0" timestamp="21 Feb 2021 10:48:18 GMT" skipped="0">
  <testcase classname="com.seleniume2e.test.LoginTest" name="loginUser" time="7.842"/>
  <testcase classname="com.seleniume2e.test.LoginTest" name="loginUser" time="9.311"/>
  <testcase classname="com.seleniume2e.test.LoginTest" name="loginUser" time="7.320"/>
</testsuite> <!-- com.seleniume2e.test.LoginTest -->
