<?xml version="1.0" encoding="UTF-8"?>
<!-- Generated by org.testng.reporters.JUnitReportReporter -->
<testsuite hostname="Mypc" failures="0" tests="1" name="com.seleniume2e.test.SavaariTest" time="34.888" errors="0" timestamp="28 Feb 2021 10:52:54 GMT" skipped="0">
  <testcase classname="com.seleniume2e.test.SavaariTest" name="enterUserDetails" time="34.888"/>
</testsuite> <!-- com.seleniume2e.test.SavaariTest -->
